[debug] [2022-03-31T08:18:29.118Z] ----------------------------------------------------------------------
[debug] [2022-03-31T08:18:29.119Z] Command:       C:\Program Files\nodejs\node.exe C:\Users\Md. Shahadat Hossain\AppData\Roaming\npm\node_modules\firebase-tools\lib\bin\firebase.js init hosting
[debug] [2022-03-31T08:18:29.120Z] CLI Version:   10.5.0
[debug] [2022-03-31T08:18:29.120Z] Platform:      win32
[debug] [2022-03-31T08:18:29.120Z] Node Version:  v14.15.3
[debug] [2022-03-31T08:18:29.121Z] Time:          Thu Mar 31 2022 14:18:29 GMT+0600 (Bangladesh Standard Time)
[debug] [2022-03-31T08:18:29.121Z] ----------------------------------------------------------------------
[debug] 
[debug] [2022-03-31T08:18:29.186Z] > command requires scopes: ["email","openid","https://www.googleapis.com/auth/cloudplatformprojects.readonly","https://www.googleapis.com/auth/firebase","https://www.googleapis.com/auth/cloud-platform"]
[debug] [2022-03-31T08:18:29.187Z] > authorizing via signed-in user (mdshahadat1802@gmail.com)
[info] 
     ######## #### ########  ######## ########     ###     ######  ########
     ##        ##  ##     ## ##       ##     ##  ##   ##  ##       ##
     ######    ##  ########  ######   ########  #########  ######  ######
     ##        ##  ##    ##  ##       ##     ## ##     ##       ## ##
     ##       #### ##     ## ######## ########  ##     ##  ######  ########

You're about to initialize a Firebase project in this directory:

  I:\basar-protfolio\my-protfo-main

Before we get started, keep in mind:

  * You are initializing within an existing Firebase project directory

[info] 
=== Project Setup
[info] 
[info] First, let's associate this project directory with a Firebase project.
[info] You can create multiple project aliases by running firebase use --add, 
[info] but for now we'll just set up a default project.
[info] 
[debug] [2022-03-31T08:18:31.198Z] Using project from CLI flag: my-protfo
[debug] [2022-03-31T08:18:31.202Z] >>> [apiv2][query] GET https://firebase.googleapis.com/v1beta1/projects/my-protfo [none]
[debug] [2022-03-31T08:18:31.644Z] <<< [apiv2][status] GET https://firebase.googleapis.com/v1beta1/projects/my-protfo 200
[debug] [2022-03-31T08:18:31.645Z] <<< [apiv2][body] GET https://firebase.googleapis.com/v1beta1/projects/my-protfo {"projectId":"my-protfo","projectNumber":"1064224004013","displayName":"my-protfo","name":"projects/my-protfo","resources":{"hostingSite":"my-protfo"},"state":"ACTIVE"}
[info] i  Using project my-protfo (my-protfo) 
[info] 
=== Hosting Setup
[info] 
[info] Your public directory is the folder (relative to your project directory) that
[info] will contain Hosting assets to be uploaded with firebase deploy. If you
[info] have a build process for your assets, use your build's output directory.
[info] 
[debug] [2022-03-31T08:18:35.528Z] >>> [apiv2][query] GET https://www.gstatic.com/firebasejs/releases.json [none]
[debug] [2022-03-31T08:18:35.706Z] <<< [apiv2][status] GET https://www.gstatic.com/firebasejs/releases.json 200
[debug] [2022-03-31T08:18:35.706Z] <<< [apiv2][body] GET https://www.gstatic.com/firebasejs/releases.json {"current":{"version":"9.6.10","browserURL":"https://www.gstatic.com/firebasejs/9.6.10/firebase.js","packageURL":"https://www.gstatic.com/firebasejs/9.6.10/firebase.tgz"},"live":{"version":"9.6","browserURL":"https://www.gstatic.com/firebasejs/live/9.6/firebase.js","packageURL":"https://www.gstatic.com/firebasejs/live/9.6/firebase.tgz"},"components":{"analytics":"https://www.gstatic.com/firebasejs/9.6.10/firebase-analytics.js","app":"https://www.gstatic.com/firebasejs/9.6.10/firebase-app.js","app-check":"https://www.gstatic.com/firebasejs/9.6.10/firebase-app-check.js","auth":"https://www.gstatic.com/firebasejs/9.6.10/firebase-auth.js","auth/cordova":"https://www.gstatic.com/firebasejs/9.6.10/firebase-auth/cordova.js","auth/react-native":"https://www.gstatic.com/firebasejs/9.6.10/firebase-auth/react-native.js","functions":"https://www.gstatic.com/firebasejs/9.6.10/firebase-functions.js","firestore":"https://www.gstatic.com/firebasejs/9.6.10/firebase-firestore.js","firestore/lite":"https://www.gstatic.com/firebasejs/9.6.10/firebase-firestore/lite.js","storage":"https://www.gstatic.com/firebasejs/9.6.10/firebase-storage.js","performance":"https://www.gstatic.com/firebasejs/9.6.10/firebase-performance.js","remote-config":"https://www.gstatic.com/firebasejs/9.6.10/firebase-remote-config.js","messaging":"https://www.gstatic.com/firebasejs/9.6.10/firebase-messaging.js","messaging/sw":"https://www.gstatic.com/firebasejs/9.6.10/firebase-messaging/sw.js","database":"https://www.gstatic.com/firebasejs/9.6.10/firebase-database.js","firestore.memory":"https://www.gstatic.com/firebasejs/9.6.10/firebase-firestore.memory.js"}}
[info] +  Wrote y/index.html 
[info] 
[info] i  Didn't detect a .git folder. Assuming I:\basar-protfolio\my-protfo-main is the project root. 
[info] i  Authorizing with GitHub to upload your service account to a GitHub repository's secrets store. 
[info] 
[info] Visit this URL on this device to log in:
[info] https://github.com/login/oauth/authorize?client_id=89cf50f02ac6aaed3484&state=604272570&redirect_uri=http%3A%2F%2Flocalhost%3A9005&scope=read%3Auser%20repo%20public_repo
[info] 
[info] Waiting for authentication...
[debug] [2022-03-31T08:18:56.509Z] >>> HTTP REQUEST POST https://github.com/login/oauth/access_token  
 {"client_id":"89cf50f02ac6aaed3484","client_secret":"3330d14abc895d9a74d5f17cd7a00711fa2c5bf0","code":"b9ff93eedc2383a9776b","redirect_uri":"http://localhost:9005","state":"604272570"}
[debug] [2022-03-31T08:18:57.113Z] <<< HTTP RESPONSE 200 {"server":"GitHub.com","date":"Thu, 31 Mar 2022 08:18:57 GMT","content-type":"application/json; charset=utf-8","transfer-encoding":"chunked","vary":"X-PJAX, X-PJAX-Container, Accept-Encoding, Accept, X-Requested-With","permissions-policy":"interest-cohort=()","etag":"W/\"ed86992a2c96f3d2698823c15e73c863\"","cache-control":"max-age=0, private, must-revalidate","strict-transport-security":"max-age=31536000; includeSubdomains; preload","x-frame-options":"deny","x-content-type-options":"nosniff","x-xss-protection":"0","referrer-policy":"origin-when-cross-origin, strict-origin-when-cross-origin","expect-ct":"max-age=2592000, report-uri=\"https://api.github.com/_private/browser/errors\"","content-security-policy":"default-src 'none'; base-uri 'self'; block-all-mixed-content; child-src github.com/assets-cdn/worker/ gist.github.com/assets-cdn/worker/; connect-src 'self' uploads.github.com objects-origin.githubusercontent.com www.githubstatus.com collector.githubapp.com collector.github.com api.github.com github-cloud.s3.amazonaws.com github-production-repository-file-5c1aeb.s3.amazonaws.com github-production-upload-manifest-file-7fdce7.s3.amazonaws.com github-production-user-asset-6210df.s3.amazonaws.com cdn.optimizely.com logx.optimizely.com/v1/events translator.github.com wss://alive.github.com; font-src github.githubassets.com; form-action 'self' github.com gist.github.com objects-origin.githubusercontent.com; frame-ancestors 'none'; frame-src render.githubusercontent.com viewscreen.githubusercontent.com notebooks.githubusercontent.com; img-src 'self' data: github.githubassets.com identicons.github.com collector.githubapp.com collector.github.com github-cloud.s3.amazonaws.com secured-user-images.githubusercontent.com/ *.githubusercontent.com; manifest-src 'self'; media-src github.com user-images.githubusercontent.com/; script-src github.githubassets.com; style-src 'unsafe-inline' github.githubassets.com; worker-src github.com/assets-cdn/worker/ gist.github.com/assets-cdn/worker/","x-github-request-id":"1957:1393:3BCBCF:46F8FB:624563F1"}
[debug] [2022-03-31T08:18:57.121Z] >>> [apiv2][query] GET https://api.github.com/user [none]
[debug] [2022-03-31T08:18:57.688Z] <<< [apiv2][status] GET https://api.github.com/user 200
[debug] [2022-03-31T08:18:57.689Z] <<< [apiv2][body] GET https://api.github.com/user {"login":"Shahadat-Hossain88","id":56562431,"node_id":"MDQ6VXNlcjU2NTYyNDMx","avatar_url":"https://avatars.githubusercontent.com/u/56562431?v=4","gravatar_id":"","url":"https://api.github.com/users/Shahadat-Hossain88","html_url":"https://github.com/Shahadat-Hossain88","followers_url":"https://api.github.com/users/Shahadat-Hossain88/followers","following_url":"https://api.github.com/users/Shahadat-Hossain88/following{/other_user}","gists_url":"https://api.github.com/users/Shahadat-Hossain88/gists{/gist_id}","starred_url":"https://api.github.com/users/Shahadat-Hossain88/starred{/owner}{/repo}","subscriptions_url":"https://api.github.com/users/Shahadat-Hossain88/subscriptions","organizations_url":"https://api.github.com/users/Shahadat-Hossain88/orgs","repos_url":"https://api.github.com/users/Shahadat-Hossain88/repos","events_url":"https://api.github.com/users/Shahadat-Hossain88/events{/privacy}","received_events_url":"https://api.github.com/users/Shahadat-Hossain88/received_events","type":"User","site_admin":false,"name":"Shahadat Hossain","company":null,"blog":"","location":null,"email":null,"hireable":null,"bio":null,"twitter_username":null,"public_repos":20,"public_gists":0,"followers":0,"following":0,"created_at":"2019-10-14T20:00:36Z","updated_at":"2022-01-03T19:58:05Z","private_gists":0,"total_private_repos":1,"owned_private_repos":1,"disk_usage":83073,"collaborators":0,"two_factor_authentication":false,"plan":{"name":"free","space":976562499,"collaborators":0,"private_repos":10000}}
[info] 
[info] +  Success! Logged into GitHub as Shahadat-Hossain88 
[info] 
